#! /usr/bin/vvp
:ivl_version "10.1 (stable)";
:ivl_delay_selection "TYPICAL";
:vpi_time_precision - 12;
:vpi_module "system";
:vpi_module "vhdl_sys";
:vpi_module "v2005_math";
:vpi_module "va_math";
S_0x55a8c2e10100 .scope module, "test" "test" 2 20;
 .timescale -9 -12;
P_0x55a8c2e10280 .param/l "size" 1 2 21, +C4<00000000000000000000000000000010>;
v0x55a8c2e30a30_0 .var "data0_i", 2 0;
v0x55a8c2e30b40_0 .var "data1_i", 2 0;
v0x55a8c2e30c10_0 .net "data_o", 2 0, v0x55a8c2e306f0_0;  1 drivers
v0x55a8c2e30d10_0 .var "select_i", 0 0;
S_0x55a8c2e10320 .scope module, "m21" "MUX_2_to_1" 2 27, 2 2 0, S_0x55a8c2e10100;
 .timescale -9 -12;
    .port_info 0 /INPUT 3 "data0_i"
    .port_info 1 /INPUT 3 "data1_i"
    .port_info 2 /INPUT 1 "select_i"
    .port_info 3 /OUTPUT 3 "data_o"
P_0x55a8c2e104f0 .param/l "size" 0 2 3, +C4<00000000000000000000000000000011>;
v0x55a8c2e10590_0 .net "data0_i", 2 0, v0x55a8c2e30a30_0;  1 drivers
v0x55a8c2e30610_0 .net "data1_i", 2 0, v0x55a8c2e30b40_0;  1 drivers
v0x55a8c2e306f0_0 .var "data_o", 2 0;
v0x55a8c2e307e0_0 .net "select_i", 0 0, v0x55a8c2e30d10_0;  1 drivers
v0x55a8c2e308a0_0 .var "select_i_reg", 0 0;
E_0x55a8c2e09ab0 .event edge, v0x55a8c2e307e0_0, v0x55a8c2e308a0_0, v0x55a8c2e10590_0, v0x55a8c2e30610_0;
    .scope S_0x55a8c2e10320;
T_0 ;
    %wait E_0x55a8c2e09ab0;
    %load/vec4 v0x55a8c2e307e0_0;
    %store/vec4 v0x55a8c2e308a0_0, 0, 1;
    %load/vec4 v0x55a8c2e308a0_0;
    %pad/u 32;
    %cmpi/e 0, 0, 32;
    %flag_mov 8, 4;
    %jmp/0 T_0.0, 8;
    %load/vec4 v0x55a8c2e10590_0;
    %jmp/1 T_0.1, 8;
T_0.0 ; End of true expr.
    %load/vec4 v0x55a8c2e30610_0;
    %jmp/0 T_0.1, 8;
 ; End of false expr.
    %blend;
T_0.1;
    %store/vec4 v0x55a8c2e306f0_0, 0, 3;
    %jmp T_0;
    .thread T_0, $push;
    .scope S_0x55a8c2e10100;
T_1 ;
    %vpi_call 2 30 "$monitor", "data0_i = %b, data1_i = %b, select_i = %b, data_o = %b", v0x55a8c2e30a30_0, v0x55a8c2e30b40_0, v0x55a8c2e30d10_0, v0x55a8c2e30c10_0 {0 0 0};
    %pushi/vec4 0, 0, 3;
    %store/vec4 v0x55a8c2e30a30_0, 0, 3;
    %pushi/vec4 3, 0, 3;
    %store/vec4 v0x55a8c2e30b40_0, 0, 3;
    %pushi/vec4 1, 0, 1;
    %store/vec4 v0x55a8c2e30d10_0, 0, 1;
    %delay 1000, 0;
    %pushi/vec4 0, 0, 1;
    %store/vec4 v0x55a8c2e30d10_0, 0, 1;
    %end;
    .thread T_1;
# The file index is used to find the file name in the following table.
:file_names 3;
    "N/A";
    "<interactive>";
    "MUX_2_to_1.v";
